{"D:\\JOANNE\\SENECA\\FA25\\CCP555\\lab7\\fragments\\src\\app.js": {"path":"D:\\JOANNE\\SENECA\\FA25\\CCP555\\lab7\\fragments\\src\\app.js","statementMap":{"0":{"start":{"line":3,"column":16},"end":{"line":3,"column":34}},"1":{"start":{"line":4,"column":13},"end":{"line":4,"column":28}},"2":{"start":{"line":5,"column":15},"end":{"line":5,"column":32}},"3":{"start":{"line":6,"column":20},"end":{"line":6,"column":42}},"4":{"start":{"line":7,"column":17},"end":{"line":7,"column":36}},"5":{"start":{"line":8,"column":21},"end":{"line":8,"column":38}},"6":{"start":{"line":13,"column":15},"end":{"line":13,"column":34}},"7":{"start":{"line":15,"column":12},"end":{"line":15,"column":21}},"8":{"start":{"line":18,"column":0},"end":{"line":18,"column":18}},"9":{"start":{"line":21,"column":0},"end":{"line":21,"column":16}},"10":{"start":{"line":24,"column":0},"end":{"line":24,"column":23}},"11":{"start":{"line":25,"column":0},"end":{"line":25,"column":38}},"12":{"start":{"line":26,"column":0},"end":{"line":26,"column":31}},"13":{"start":{"line":27,"column":0},"end":{"line":27,"column":34}},"14":{"start":{"line":30,"column":0},"end":{"line":38,"column":3}},"15":{"start":{"line":31,"column":2},"end":{"line":37,"column":5}},"16":{"start":{"line":42,"column":0},"end":{"line":60,"column":3}},"17":{"start":{"line":45,"column":17},"end":{"line":45,"column":34}},"18":{"start":{"line":46,"column":18},"end":{"line":46,"column":60}},"19":{"start":{"line":49,"column":2},"end":{"line":51,"column":3}},"20":{"start":{"line":50,"column":4},"end":{"line":50,"column":54}},"21":{"start":{"line":53,"column":2},"end":{"line":59,"column":5}},"22":{"start":{"line":63,"column":0},"end":{"line":63,"column":21}}},"fnMap":{"0":{"name":"(anonymous_0)","decl":{"start":{"line":30,"column":8},"end":{"line":30,"column":9}},"loc":{"start":{"line":30,"column":22},"end":{"line":38,"column":1}},"line":30},"1":{"name":"(anonymous_1)","decl":{"start":{"line":42,"column":8},"end":{"line":42,"column":9}},"loc":{"start":{"line":42,"column":33},"end":{"line":60,"column":1}},"line":42}},"branchMap":{"0":{"loc":{"start":{"line":45,"column":17},"end":{"line":45,"column":34}},"type":"binary-expr","locations":[{"start":{"line":45,"column":17},"end":{"line":45,"column":27}},{"start":{"line":45,"column":31},"end":{"line":45,"column":34}}],"line":45},"1":{"loc":{"start":{"line":46,"column":18},"end":{"line":46,"column":60}},"type":"binary-expr","locations":[{"start":{"line":46,"column":18},"end":{"line":46,"column":29}},{"start":{"line":46,"column":33},"end":{"line":46,"column":60}}],"line":46},"2":{"loc":{"start":{"line":49,"column":2},"end":{"line":51,"column":3}},"type":"if","locations":[{"start":{"line":49,"column":2},"end":{"line":51,"column":3}},{"start":{},"end":{}}],"line":49}},"s":{"0":3,"1":3,"2":3,"3":3,"4":3,"5":3,"6":3,"7":3,"8":3,"9":3,"10":3,"11":3,"12":3,"13":3,"14":3,"15":0,"16":3,"17":0,"18":0,"19":0,"20":0,"21":0,"22":3},"f":{"0":0,"1":0},"b":{"0":[0,0],"1":[0,0],"2":[0,0]},"_coverageSchema":"1a1c01bbd47fc00a2c39e90264f33305004495a9","hash":"c8f58a2063fac77c6e2b5d32960d103b9c1fceb0"}
,"D:\\JOANNE\\SENECA\\FA25\\CCP555\\lab7\\fragments\\src\\logger.js": {"path":"D:\\JOANNE\\SENECA\\FA25\\CCP555\\lab7\\fragments\\src\\logger.js","statementMap":{"0":{"start":{"line":5,"column":16},"end":{"line":5,"column":58}},"1":{"start":{"line":8,"column":0},"end":{"line":16,"column":1}},"2":{"start":{"line":10,"column":2},"end":{"line":15,"column":4}},"3":{"start":{"line":20,"column":0},"end":{"line":20,"column":42}}},"fnMap":{},"branchMap":{"0":{"loc":{"start":{"line":5,"column":25},"end":{"line":5,"column":56}},"type":"binary-expr","locations":[{"start":{"line":5,"column":25},"end":{"line":5,"column":46}},{"start":{"line":5,"column":50},"end":{"line":5,"column":56}}],"line":5},"1":{"loc":{"start":{"line":8,"column":0},"end":{"line":16,"column":1}},"type":"if","locations":[{"start":{"line":8,"column":0},"end":{"line":16,"column":1}},{"start":{},"end":{}}],"line":8}},"s":{"0":3,"1":3,"2":3,"3":3},"f":{},"b":{"0":[3,0],"1":[3,0]},"_coverageSchema":"1a1c01bbd47fc00a2c39e90264f33305004495a9","hash":"d0b6221871dc22d30ef456f07fbf3abe13dc21da"}
,"D:\\JOANNE\\SENECA\\FA25\\CCP555\\lab7\\fragments\\src\\response.js": {"path":"D:\\JOANNE\\SENECA\\FA25\\CCP555\\lab7\\fragments\\src\\response.js","statementMap":{"0":{"start":{"line":1,"column":0},"end":{"line":10,"column":2}},"1":{"start":{"line":3,"column":2},"end":{"line":5,"column":3}},"2":{"start":{"line":4,"column":4},"end":{"line":4,"column":28}},"3":{"start":{"line":6,"column":2},"end":{"line":9,"column":4}},"4":{"start":{"line":11,"column":0},"end":{"line":19,"column":2}},"5":{"start":{"line":12,"column":2},"end":{"line":18,"column":4}}},"fnMap":{"0":{"name":"(anonymous_0)","decl":{"start":{"line":1,"column":39},"end":{"line":1,"column":40}},"loc":{"start":{"line":1,"column":55},"end":{"line":10,"column":1}},"line":1},"1":{"name":"(anonymous_1)","decl":{"start":{"line":11,"column":37},"end":{"line":11,"column":38}},"loc":{"start":{"line":11,"column":62},"end":{"line":19,"column":1}},"line":11}},"branchMap":{"0":{"loc":{"start":{"line":3,"column":2},"end":{"line":5,"column":3}},"type":"if","locations":[{"start":{"line":3,"column":2},"end":{"line":5,"column":3}},{"start":{},"end":{}}],"line":3}},"s":{"0":1,"1":2,"2":1,"3":1,"4":1,"5":1},"f":{"0":2,"1":1},"b":{"0":[1,1]},"_coverageSchema":"1a1c01bbd47fc00a2c39e90264f33305004495a9","hash":"5352046a6d0e1fc82787f701cceb7bbe540c3285"}
,"D:\\JOANNE\\SENECA\\FA25\\CCP555\\lab7\\fragments\\src\\auth\\basic-auth.js": {"path":"D:\\JOANNE\\SENECA\\FA25\\CCP555\\lab7\\fragments\\src\\auth\\basic-auth.js","statementMap":{"0":{"start":{"line":6,"column":13},"end":{"line":6,"column":33}},"1":{"start":{"line":7,"column":17},"end":{"line":7,"column":36}},"2":{"start":{"line":8,"column":21},"end":{"line":8,"column":50}},"3":{"start":{"line":9,"column":15},"end":{"line":9,"column":35}},"4":{"start":{"line":12,"column":0},"end":{"line":14,"column":1}},"5":{"start":{"line":13,"column":2},"end":{"line":13,"column":61}},"6":{"start":{"line":17,"column":0},"end":{"line":17,"column":46}},"7":{"start":{"line":19,"column":0},"end":{"line":26,"column":4}},"8":{"start":{"line":22,"column":2},"end":{"line":26,"column":3}},"9":{"start":{"line":28,"column":0},"end":{"line":28,"column":86}},"10":{"start":{"line":28,"column":36},"end":{"line":28,"column":85}}},"fnMap":{"0":{"name":"(anonymous_0)","decl":{"start":{"line":19,"column":26},"end":{"line":19,"column":27}},"loc":{"start":{"line":22,"column":2},"end":{"line":26,"column":3}},"line":22},"1":{"name":"(anonymous_1)","decl":{"start":{"line":28,"column":30},"end":{"line":28,"column":31}},"loc":{"start":{"line":28,"column":36},"end":{"line":28,"column":85}},"line":28}},"branchMap":{"0":{"loc":{"start":{"line":12,"column":0},"end":{"line":14,"column":1}},"type":"if","locations":[{"start":{"line":12,"column":0},"end":{"line":14,"column":1}},{"start":{},"end":{}}],"line":12}},"s":{"0":3,"1":3,"2":3,"3":3,"4":3,"5":0,"6":3,"7":3,"8":3,"9":3,"10":3},"f":{"0":3,"1":3},"b":{"0":[0,3]},"_coverageSchema":"1a1c01bbd47fc00a2c39e90264f33305004495a9","hash":"8189d724cf6aff26baf87f62f20c77ede5f8da6d"}
,"D:\\JOANNE\\SENECA\\FA25\\CCP555\\lab7\\fragments\\src\\auth\\index.js": {"path":"D:\\JOANNE\\SENECA\\FA25\\CCP555\\lab7\\fragments\\src\\auth\\index.js","statementMap":{"0":{"start":{"line":7,"column":15},"end":{"line":7,"column":55}},"1":{"start":{"line":9,"column":0},"end":{"line":32,"column":1}},"2":{"start":{"line":10,"column":2},"end":{"line":10,"column":43}},"3":{"start":{"line":11,"column":7},"end":{"line":32,"column":1}},"4":{"start":{"line":17,"column":2},"end":{"line":19,"column":4}},"5":{"start":{"line":20,"column":7},"end":{"line":32,"column":1}},"6":{"start":{"line":25,"column":2},"end":{"line":25,"column":40}},"7":{"start":{"line":26,"column":7},"end":{"line":32,"column":1}},"8":{"start":{"line":28,"column":2},"end":{"line":28,"column":43}},"9":{"start":{"line":31,"column":2},"end":{"line":31,"column":65}}},"fnMap":{},"branchMap":{"0":{"loc":{"start":{"line":9,"column":0},"end":{"line":32,"column":1}},"type":"if","locations":[{"start":{"line":9,"column":0},"end":{"line":32,"column":1}},{"start":{"line":11,"column":7},"end":{"line":32,"column":1}}],"line":9},"1":{"loc":{"start":{"line":11,"column":7},"end":{"line":32,"column":1}},"type":"if","locations":[{"start":{"line":11,"column":7},"end":{"line":32,"column":1}},{"start":{"line":20,"column":7},"end":{"line":32,"column":1}}],"line":11},"2":{"loc":{"start":{"line":12,"column":2},"end":{"line":14,"column":27}},"type":"binary-expr","locations":[{"start":{"line":12,"column":2},"end":{"line":12,"column":33}},{"start":{"line":13,"column":2},"end":{"line":13,"column":35}},{"start":{"line":14,"column":2},"end":{"line":14,"column":27}}],"line":12},"3":{"loc":{"start":{"line":20,"column":7},"end":{"line":32,"column":1}},"type":"if","locations":[{"start":{"line":20,"column":7},"end":{"line":32,"column":1}},{"start":{"line":26,"column":7},"end":{"line":32,"column":1}}],"line":20},"4":{"loc":{"start":{"line":21,"column":2},"end":{"line":22,"column":35}},"type":"binary-expr","locations":[{"start":{"line":21,"column":2},"end":{"line":21,"column":33}},{"start":{"line":22,"column":2},"end":{"line":22,"column":35}}],"line":21},"5":{"loc":{"start":{"line":26,"column":7},"end":{"line":32,"column":1}},"type":"if","locations":[{"start":{"line":26,"column":7},"end":{"line":32,"column":1}},{"start":{"line":29,"column":7},"end":{"line":32,"column":1}}],"line":26}},"s":{"0":3,"1":3,"2":3,"3":0,"4":0,"5":0,"6":0,"7":0,"8":0,"9":0},"f":{},"b":{"0":[3,0],"1":[0,0],"2":[0,0,0],"3":[0,0],"4":[0,0],"5":[0,0]},"_coverageSchema":"1a1c01bbd47fc00a2c39e90264f33305004495a9","hash":"0bb416719e4ceb870f96e0954beb04f3eb891b76"}
,"D:\\JOANNE\\SENECA\\FA25\\CCP555\\lab7\\fragments\\src\\data\\index.js": {"path":"D:\\JOANNE\\SENECA\\FA25\\CCP555\\lab7\\fragments\\src\\data\\index.js","statementMap":{"0":{"start":{"line":1,"column":0},"end":{"line":1,"column":37}}},"fnMap":{},"branchMap":{},"s":{"0":3},"f":{},"b":{},"_coverageSchema":"1a1c01bbd47fc00a2c39e90264f33305004495a9","hash":"b9a8f4ec006cdf328e8c31377ed0aa1ac9b5bbd2"}
,"D:\\JOANNE\\SENECA\\FA25\\CCP555\\lab7\\fragments\\src\\data\\memory.js": {"path":"D:\\JOANNE\\SENECA\\FA25\\CCP555\\lab7\\fragments\\src\\data\\memory.js","statementMap":{"0":{"start":{"line":6,"column":15},"end":{"line":9,"column":1}},"1":{"start":{"line":13,"column":2},"end":{"line":15,"column":3}},"2":{"start":{"line":14,"column":4},"end":{"line":14,"column":35}},"3":{"start":{"line":16,"column":2},"end":{"line":16,"column":43}},"4":{"start":{"line":20,"column":2},"end":{"line":20,"column":41}},"5":{"start":{"line":25,"column":2},"end":{"line":25,"column":35}},"6":{"start":{"line":29,"column":2},"end":{"line":29,"column":33}},"7":{"start":{"line":32,"column":0},"end":{"line":37,"column":2}}},"fnMap":{"0":{"name":"writeFragment","decl":{"start":{"line":12,"column":9},"end":{"line":12,"column":22}},"loc":{"start":{"line":12,"column":42},"end":{"line":17,"column":1}},"line":12},"1":{"name":"readFragments","decl":{"start":{"line":19,"column":9},"end":{"line":19,"column":22}},"loc":{"start":{"line":19,"column":32},"end":{"line":21,"column":1}},"line":19},"2":{"name":"writeFragmentData","decl":{"start":{"line":24,"column":9},"end":{"line":24,"column":26}},"loc":{"start":{"line":24,"column":47},"end":{"line":26,"column":1}},"line":24},"3":{"name":"readFragmentData","decl":{"start":{"line":28,"column":9},"end":{"line":28,"column":25}},"loc":{"start":{"line":28,"column":38},"end":{"line":30,"column":1}},"line":28}},"branchMap":{"0":{"loc":{"start":{"line":13,"column":2},"end":{"line":15,"column":3}},"type":"if","locations":[{"start":{"line":13,"column":2},"end":{"line":15,"column":3}},{"start":{},"end":{}}],"line":13},"1":{"loc":{"start":{"line":20,"column":9},"end":{"line":20,"column":40}},"type":"binary-expr","locations":[{"start":{"line":20,"column":9},"end":{"line":20,"column":34}},{"start":{"line":20,"column":38},"end":{"line":20,"column":40}}],"line":20}},"s":{"0":3,"1":1,"2":1,"3":1,"4":1,"5":1,"6":0,"7":3},"f":{"0":1,"1":1,"2":1,"3":0},"b":{"0":[1,0],"1":[1,1]},"_coverageSchema":"1a1c01bbd47fc00a2c39e90264f33305004495a9","hash":"1fa4a636b1dd971f978ef88691ece9a67c24e98a"}
,"D:\\JOANNE\\SENECA\\FA25\\CCP555\\lab7\\fragments\\src\\model\\fragments.js": {"path":"D:\\JOANNE\\SENECA\\FA25\\CCP555\\lab7\\fragments\\src\\model\\fragments.js","statementMap":{"0":{"start":{"line":1,"column":15},"end":{"line":1,"column":32}},"1":{"start":{"line":2,"column":11},"end":{"line":2,"column":29}},"2":{"start":{"line":6,"column":4},"end":{"line":6,"column":34}},"3":{"start":{"line":7,"column":4},"end":{"line":7,"column":27}},"4":{"start":{"line":8,"column":4},"end":{"line":8,"column":21}},"5":{"start":{"line":9,"column":4},"end":{"line":9,"column":21}},"6":{"start":{"line":10,"column":4},"end":{"line":10,"column":44}},"7":{"start":{"line":11,"column":4},"end":{"line":11,"column":44}},"8":{"start":{"line":15,"column":4},"end":{"line":15,"column":41}},"9":{"start":{"line":19,"column":4},"end":{"line":19,"column":30}},"10":{"start":{"line":20,"column":4},"end":{"line":20,"column":44}},"11":{"start":{"line":21,"column":4},"end":{"line":21,"column":42}},"12":{"start":{"line":25,"column":4},"end":{"line":25,"column":40}},"13":{"start":{"line":29,"column":4},"end":{"line":29,"column":37}},"14":{"start":{"line":33,"column":4},"end":{"line":40,"column":6}},"15":{"start":{"line":44,"column":0},"end":{"line":44,"column":27}}},"fnMap":{"0":{"name":"(anonymous_0)","decl":{"start":{"line":5,"column":2},"end":{"line":5,"column":3}},"loc":{"start":{"line":5,"column":43},"end":{"line":12,"column":3}},"line":5},"1":{"name":"(anonymous_1)","decl":{"start":{"line":14,"column":2},"end":{"line":14,"column":3}},"loc":{"start":{"line":14,"column":9},"end":{"line":16,"column":3}},"line":14},"2":{"name":"(anonymous_2)","decl":{"start":{"line":18,"column":2},"end":{"line":18,"column":3}},"loc":{"start":{"line":18,"column":18},"end":{"line":22,"column":3}},"line":18},"3":{"name":"(anonymous_3)","decl":{"start":{"line":24,"column":2},"end":{"line":24,"column":3}},"loc":{"start":{"line":24,"column":12},"end":{"line":26,"column":3}},"line":24},"4":{"name":"(anonymous_4)","decl":{"start":{"line":28,"column":2},"end":{"line":28,"column":3}},"loc":{"start":{"line":28,"column":25},"end":{"line":30,"column":3}},"line":28},"5":{"name":"(anonymous_5)","decl":{"start":{"line":32,"column":2},"end":{"line":32,"column":3}},"loc":{"start":{"line":32,"column":19},"end":{"line":41,"column":3}},"line":32}},"branchMap":{"0":{"loc":{"start":{"line":5,"column":31},"end":{"line":5,"column":39}},"type":"default-arg","locations":[{"start":{"line":5,"column":38},"end":{"line":5,"column":39}}],"line":5}},"s":{"0":3,"1":3,"2":1,"3":1,"4":1,"5":1,"6":1,"7":1,"8":1,"9":1,"10":1,"11":1,"12":0,"13":1,"14":1,"15":3},"f":{"0":1,"1":1,"2":1,"3":0,"4":1,"5":1},"b":{"0":[1]},"_coverageSchema":"1a1c01bbd47fc00a2c39e90264f33305004495a9","hash":"fb5d0093ad41c32b96c76ee72ad9740925b0a7fd"}
,"D:\\JOANNE\\SENECA\\FA25\\CCP555\\lab7\\fragments\\src\\routes\\index.js": {"path":"D:\\JOANNE\\SENECA\\FA25\\CCP555\\lab7\\fragments\\src\\routes\\index.js","statementMap":{"0":{"start":{"line":1,"column":16},"end":{"line":1,"column":34}},"1":{"start":{"line":2,"column":15},"end":{"line":2,"column":31}},"2":{"start":{"line":3,"column":25},"end":{"line":3,"column":43}},"3":{"start":{"line":4,"column":28},"end":{"line":4,"column":57}},"4":{"start":{"line":7,"column":0},"end":{"line":15,"column":3}},"5":{"start":{"line":8,"column":2},"end":{"line":8,"column":45}},"6":{"start":{"line":9,"column":2},"end":{"line":14,"column":5}},"7":{"start":{"line":18,"column":0},"end":{"line":21,"column":3}},"8":{"start":{"line":19,"column":2},"end":{"line":19,"column":45}},"9":{"start":{"line":20,"column":2},"end":{"line":20,"column":41}},"10":{"start":{"line":24,"column":0},"end":{"line":24,"column":52}},"11":{"start":{"line":26,"column":0},"end":{"line":26,"column":24}}},"fnMap":{"0":{"name":"(anonymous_0)","decl":{"start":{"line":7,"column":16},"end":{"line":7,"column":17}},"loc":{"start":{"line":7,"column":30},"end":{"line":15,"column":1}},"line":7},"1":{"name":"(anonymous_1)","decl":{"start":{"line":18,"column":22},"end":{"line":18,"column":23}},"loc":{"start":{"line":18,"column":36},"end":{"line":21,"column":1}},"line":18}},"branchMap":{},"s":{"0":3,"1":3,"2":3,"3":3,"4":3,"5":4,"6":4,"7":3,"8":0,"9":0,"10":3,"11":3},"f":{"0":4,"1":0},"b":{},"_coverageSchema":"1a1c01bbd47fc00a2c39e90264f33305004495a9","hash":"f6c39f5875b6e45524833b2b0a34fb3d20a793a9"}
,"D:\\JOANNE\\SENECA\\FA25\\CCP555\\lab7\\fragments\\src\\routes\\api\\get-ext.js": {"path":"D:\\JOANNE\\SENECA\\FA25\\CCP555\\lab7\\fragments\\src\\routes\\api\\get-ext.js","statementMap":{"0":{"start":{"line":7,"column":17},"end":{"line":7,"column":49}},"1":{"start":{"line":8,"column":19},"end":{"line":8,"column":41}},"2":{"start":{"line":9,"column":11},"end":{"line":9,"column":27}},"3":{"start":{"line":11,"column":0},"end":{"line":48,"column":2}},"4":{"start":{"line":12,"column":2},"end":{"line":47,"column":3}},"5":{"start":{"line":13,"column":20},"end":{"line":13,"column":28}},"6":{"start":{"line":14,"column":17},"end":{"line":14,"column":30}},"7":{"start":{"line":17,"column":22},"end":{"line":17,"column":37}},"8":{"start":{"line":19,"column":22},"end":{"line":19,"column":46}},"9":{"start":{"line":20,"column":21},"end":{"line":20,"column":55}},"10":{"start":{"line":20,"column":43},"end":{"line":20,"column":54}},"11":{"start":{"line":22,"column":4},"end":{"line":27,"column":5}},"12":{"start":{"line":23,"column":6},"end":{"line":26,"column":9}},"13":{"start":{"line":29,"column":17},"end":{"line":29,"column":35}},"14":{"start":{"line":32,"column":4},"end":{"line":36,"column":5}},"15":{"start":{"line":33,"column":19},"end":{"line":33,"column":45}},"16":{"start":{"line":34,"column":6},"end":{"line":34,"column":49}},"17":{"start":{"line":35,"column":6},"end":{"line":35,"column":40}},"18":{"start":{"line":39,"column":4},"end":{"line":42,"column":7}},"19":{"start":{"line":45,"column":4},"end":{"line":45,"column":23}},"20":{"start":{"line":46,"column":4},"end":{"line":46,"column":75}}},"fnMap":{"0":{"name":"(anonymous_0)","decl":{"start":{"line":11,"column":17},"end":{"line":11,"column":18}},"loc":{"start":{"line":11,"column":31},"end":{"line":48,"column":1}},"line":11},"1":{"name":"(anonymous_1)","decl":{"start":{"line":20,"column":36},"end":{"line":20,"column":37}},"loc":{"start":{"line":20,"column":43},"end":{"line":20,"column":54}},"line":20}},"branchMap":{"0":{"loc":{"start":{"line":22,"column":4},"end":{"line":27,"column":5}},"type":"if","locations":[{"start":{"line":22,"column":4},"end":{"line":27,"column":5}},{"start":{},"end":{}}],"line":22},"1":{"loc":{"start":{"line":32,"column":4},"end":{"line":36,"column":5}},"type":"if","locations":[{"start":{"line":32,"column":4},"end":{"line":36,"column":5}},{"start":{},"end":{}}],"line":32},"2":{"loc":{"start":{"line":32,"column":8},"end":{"line":32,"column":59}},"type":"binary-expr","locations":[{"start":{"line":32,"column":8},"end":{"line":32,"column":22}},{"start":{"line":32,"column":26},"end":{"line":32,"column":59}}],"line":32}},"s":{"0":3,"1":3,"2":3,"3":3,"4":0,"5":0,"6":0,"7":0,"8":0,"9":0,"10":0,"11":0,"12":0,"13":0,"14":0,"15":0,"16":0,"17":0,"18":0,"19":0,"20":0},"f":{"0":0,"1":0},"b":{"0":[0,0],"1":[0,0],"2":[0,0]},"_coverageSchema":"1a1c01bbd47fc00a2c39e90264f33305004495a9","hash":"98c69b5f539c20745b71821d3dd12a1d72ae3528"}
,"D:\\JOANNE\\SENECA\\FA25\\CCP555\\lab7\\fragments\\src\\routes\\api\\get-id.js": {"path":"D:\\JOANNE\\SENECA\\FA25\\CCP555\\lab7\\fragments\\src\\routes\\api\\get-id.js","statementMap":{"0":{"start":{"line":7,"column":17},"end":{"line":7,"column":49}},"1":{"start":{"line":9,"column":0},"end":{"line":32,"column":2}},"2":{"start":{"line":10,"column":2},"end":{"line":31,"column":3}},"3":{"start":{"line":11,"column":20},"end":{"line":11,"column":28}},"4":{"start":{"line":12,"column":15},"end":{"line":12,"column":28}},"5":{"start":{"line":14,"column":22},"end":{"line":14,"column":46}},"6":{"start":{"line":15,"column":21},"end":{"line":15,"column":55}},"7":{"start":{"line":15,"column":43},"end":{"line":15,"column":54}},"8":{"start":{"line":17,"column":4},"end":{"line":22,"column":5}},"9":{"start":{"line":18,"column":6},"end":{"line":21,"column":9}},"10":{"start":{"line":24,"column":17},"end":{"line":24,"column":35}},"11":{"start":{"line":25,"column":4},"end":{"line":25,"column":49}},"12":{"start":{"line":26,"column":4},"end":{"line":26,"column":31}},"13":{"start":{"line":29,"column":4},"end":{"line":29,"column":23}},"14":{"start":{"line":30,"column":4},"end":{"line":30,"column":81}}},"fnMap":{"0":{"name":"(anonymous_0)","decl":{"start":{"line":9,"column":17},"end":{"line":9,"column":18}},"loc":{"start":{"line":9,"column":31},"end":{"line":32,"column":1}},"line":9},"1":{"name":"(anonymous_1)","decl":{"start":{"line":15,"column":36},"end":{"line":15,"column":37}},"loc":{"start":{"line":15,"column":43},"end":{"line":15,"column":54}},"line":15}},"branchMap":{"0":{"loc":{"start":{"line":17,"column":4},"end":{"line":22,"column":5}},"type":"if","locations":[{"start":{"line":17,"column":4},"end":{"line":22,"column":5}},{"start":{},"end":{}}],"line":17}},"s":{"0":3,"1":3,"2":0,"3":0,"4":0,"5":0,"6":0,"7":0,"8":0,"9":0,"10":0,"11":0,"12":0,"13":0,"14":0},"f":{"0":0,"1":0},"b":{"0":[0,0]},"_coverageSchema":"1a1c01bbd47fc00a2c39e90264f33305004495a9","hash":"ec5ebaab3d8effb5aa4b40a52f047a01d04cdf58"}
,"D:\\JOANNE\\SENECA\\FA25\\CCP555\\lab7\\fragments\\src\\routes\\api\\get-info.js": {"path":"D:\\JOANNE\\SENECA\\FA25\\CCP555\\lab7\\fragments\\src\\routes\\api\\get-info.js","statementMap":{"0":{"start":{"line":7,"column":17},"end":{"line":7,"column":49}},"1":{"start":{"line":9,"column":0},"end":{"line":33,"column":2}},"2":{"start":{"line":10,"column":2},"end":{"line":32,"column":3}},"3":{"start":{"line":11,"column":20},"end":{"line":11,"column":28}},"4":{"start":{"line":12,"column":15},"end":{"line":12,"column":28}},"5":{"start":{"line":14,"column":22},"end":{"line":14,"column":46}},"6":{"start":{"line":15,"column":21},"end":{"line":15,"column":55}},"7":{"start":{"line":15,"column":43},"end":{"line":15,"column":54}},"8":{"start":{"line":17,"column":4},"end":{"line":22,"column":5}},"9":{"start":{"line":18,"column":6},"end":{"line":21,"column":9}},"10":{"start":{"line":24,"column":4},"end":{"line":27,"column":7}},"11":{"start":{"line":30,"column":4},"end":{"line":30,"column":23}},"12":{"start":{"line":31,"column":4},"end":{"line":31,"column":86}}},"fnMap":{"0":{"name":"(anonymous_0)","decl":{"start":{"line":9,"column":17},"end":{"line":9,"column":18}},"loc":{"start":{"line":9,"column":31},"end":{"line":33,"column":1}},"line":9},"1":{"name":"(anonymous_1)","decl":{"start":{"line":15,"column":36},"end":{"line":15,"column":37}},"loc":{"start":{"line":15,"column":43},"end":{"line":15,"column":54}},"line":15}},"branchMap":{"0":{"loc":{"start":{"line":17,"column":4},"end":{"line":22,"column":5}},"type":"if","locations":[{"start":{"line":17,"column":4},"end":{"line":22,"column":5}},{"start":{},"end":{}}],"line":17}},"s":{"0":3,"1":3,"2":0,"3":0,"4":0,"5":0,"6":0,"7":0,"8":0,"9":0,"10":0,"11":0,"12":0},"f":{"0":0,"1":0},"b":{"0":[0,0]},"_coverageSchema":"1a1c01bbd47fc00a2c39e90264f33305004495a9","hash":"b567bd7c60e3ef16e3ba863f115380d11fee2394"}
,"D:\\JOANNE\\SENECA\\FA25\\CCP555\\lab7\\fragments\\src\\routes\\api\\get.js": {"path":"D:\\JOANNE\\SENECA\\FA25\\CCP555\\lab7\\fragments\\src\\routes\\api\\get.js","statementMap":{"0":{"start":{"line":6,"column":17},"end":{"line":6,"column":49}},"1":{"start":{"line":7,"column":0},"end":{"line":33,"column":2}},"2":{"start":{"line":8,"column":2},"end":{"line":32,"column":3}},"3":{"start":{"line":9,"column":20},"end":{"line":9,"column":28}},"4":{"start":{"line":10,"column":22},"end":{"line":10,"column":46}},"5":{"start":{"line":13,"column":4},"end":{"line":18,"column":5}},"6":{"start":{"line":14,"column":6},"end":{"line":17,"column":9}},"7":{"start":{"line":16,"column":40},"end":{"line":16,"column":58}},"8":{"start":{"line":21,"column":4},"end":{"line":24,"column":7}},"9":{"start":{"line":23,"column":38},"end":{"line":23,"column":42}},"10":{"start":{"line":27,"column":4},"end":{"line":27,"column":23}},"11":{"start":{"line":28,"column":4},"end":{"line":31,"column":7}}},"fnMap":{"0":{"name":"(anonymous_0)","decl":{"start":{"line":7,"column":17},"end":{"line":7,"column":18}},"loc":{"start":{"line":7,"column":31},"end":{"line":33,"column":1}},"line":7},"1":{"name":"(anonymous_1)","decl":{"start":{"line":16,"column":33},"end":{"line":16,"column":34}},"loc":{"start":{"line":16,"column":40},"end":{"line":16,"column":58}},"line":16},"2":{"name":"(anonymous_2)","decl":{"start":{"line":23,"column":31},"end":{"line":23,"column":32}},"loc":{"start":{"line":23,"column":38},"end":{"line":23,"column":42}},"line":23}},"branchMap":{"0":{"loc":{"start":{"line":13,"column":4},"end":{"line":18,"column":5}},"type":"if","locations":[{"start":{"line":13,"column":4},"end":{"line":18,"column":5}},{"start":{},"end":{}}],"line":13}},"s":{"0":3,"1":3,"2":1,"3":1,"4":1,"5":1,"6":0,"7":0,"8":1,"9":0,"10":0,"11":0},"f":{"0":1,"1":0,"2":0},"b":{"0":[0,1]},"_coverageSchema":"1a1c01bbd47fc00a2c39e90264f33305004495a9","hash":"d95aaa529b57a4951038d171378790d069a61aba"}
,"D:\\JOANNE\\SENECA\\FA25\\CCP555\\lab7\\fragments\\src\\routes\\api\\index.js": {"path":"D:\\JOANNE\\SENECA\\FA25\\CCP555\\lab7\\fragments\\src\\routes\\api\\index.js","statementMap":{"0":{"start":{"line":1,"column":16},"end":{"line":1,"column":34}},"1":{"start":{"line":2,"column":15},"end":{"line":2,"column":31}},"2":{"start":{"line":4,"column":0},"end":{"line":4,"column":43}},"3":{"start":{"line":5,"column":0},"end":{"line":5,"column":45}},"4":{"start":{"line":7,"column":0},"end":{"line":7,"column":50}},"5":{"start":{"line":9,"column":0},"end":{"line":9,"column":57}},"6":{"start":{"line":11,"column":0},"end":{"line":11,"column":56}},"7":{"start":{"line":13,"column":0},"end":{"line":13,"column":24}}},"fnMap":{},"branchMap":{},"s":{"0":3,"1":3,"2":3,"3":3,"4":3,"5":3,"6":3,"7":3},"f":{},"b":{},"_coverageSchema":"1a1c01bbd47fc00a2c39e90264f33305004495a9","hash":"32a3410bfd0e5dd78571769eda2292f46bda2bc9"}
,"D:\\JOANNE\\SENECA\\FA25\\CCP555\\lab7\\fragments\\src\\routes\\api\\post.js": {"path":"D:\\JOANNE\\SENECA\\FA25\\CCP555\\lab7\\fragments\\src\\routes\\api\\post.js","statementMap":{"0":{"start":{"line":2,"column":18},"end":{"line":2,"column":50}},"1":{"start":{"line":8,"column":0},"end":{"line":49,"column":2}},"2":{"start":{"line":9,"column":2},"end":{"line":48,"column":3}},"3":{"start":{"line":10,"column":20},"end":{"line":10,"column":28}},"4":{"start":{"line":11,"column":17},"end":{"line":11,"column":44}},"5":{"start":{"line":14,"column":4},"end":{"line":19,"column":5}},"6":{"start":{"line":15,"column":6},"end":{"line":18,"column":9}},"7":{"start":{"line":22,"column":19},"end":{"line":22,"column":21}},"8":{"start":{"line":23,"column":4},"end":{"line":25,"column":5}},"9":{"start":{"line":24,"column":6},"end":{"line":24,"column":25}},"10":{"start":{"line":26,"column":17},"end":{"line":26,"column":38}},"11":{"start":{"line":29,"column":21},"end":{"line":29,"column":53}},"12":{"start":{"line":32,"column":4},"end":{"line":32,"column":20}},"13":{"start":{"line":33,"column":4},"end":{"line":33,"column":27}},"14":{"start":{"line":36,"column":21},"end":{"line":36,"column":51}},"15":{"start":{"line":38,"column":4},"end":{"line":43,"column":9}},"16":{"start":{"line":46,"column":4},"end":{"line":46,"column":23}},"17":{"start":{"line":47,"column":4},"end":{"line":47,"column":84}}},"fnMap":{"0":{"name":"(anonymous_0)","decl":{"start":{"line":8,"column":17},"end":{"line":8,"column":18}},"loc":{"start":{"line":8,"column":37},"end":{"line":49,"column":1}},"line":8}},"branchMap":{"0":{"loc":{"start":{"line":14,"column":4},"end":{"line":19,"column":5}},"type":"if","locations":[{"start":{"line":14,"column":4},"end":{"line":19,"column":5}},{"start":{},"end":{}}],"line":14}},"s":{"0":3,"1":3,"2":2,"3":2,"4":2,"5":2,"6":1,"7":1,"8":1,"9":1,"10":1,"11":1,"12":1,"13":1,"14":1,"15":1,"16":0,"17":0},"f":{"0":2},"b":{"0":[1,1]},"_coverageSchema":"1a1c01bbd47fc00a2c39e90264f33305004495a9","hash":"4d007895ac8a31781db8ea143a94e0560f418a00"}
}
