TN:
SF:src\app.js
FN:30,(anonymous_0)
FN:42,(anonymous_1)
FNF:2
FNH:0
FNDA:0,(anonymous_0)
FNDA:0,(anonymous_1)
DA:3,3
DA:4,3
DA:5,3
DA:6,3
DA:7,3
DA:8,3
DA:13,3
DA:15,3
DA:18,3
DA:21,3
DA:24,3
DA:25,3
DA:26,3
DA:27,3
DA:30,3
DA:31,0
DA:42,3
DA:45,0
DA:46,0
DA:49,0
DA:50,0
DA:53,0
DA:63,3
LF:23
LH:17
BRDA:45,0,0,0
BRDA:45,0,1,0
BRDA:46,1,0,0
BRDA:46,1,1,0
BRDA:49,2,0,0
BRDA:49,2,1,0
BRF:6
BRH:0
end_of_record
TN:
SF:src\logger.js
FNF:0
FNH:0
DA:5,3
DA:8,3
DA:10,3
DA:20,3
LF:4
LH:4
BRDA:5,0,0,3
BRDA:5,0,1,0
BRDA:8,1,0,3
BRDA:8,1,1,0
BRF:4
BRH:2
end_of_record
TN:
SF:src\response.js
FN:1,(anonymous_0)
FN:11,(anonymous_1)
FNF:2
FNH:2
FNDA:2,(anonymous_0)
FNDA:1,(anonymous_1)
DA:1,1
DA:3,2
DA:4,1
DA:6,1
DA:11,1
DA:12,1
LF:6
LH:6
BRDA:3,0,0,1
BRDA:3,0,1,1
BRF:2
BRH:2
end_of_record
TN:
SF:src\auth\basic-auth.js
FN:19,(anonymous_0)
FN:28,(anonymous_1)
FNF:2
FNH:2
FNDA:3,(anonymous_0)
FNDA:3,(anonymous_1)
DA:6,3
DA:7,3
DA:8,3
DA:9,3
DA:12,3
DA:13,0
DA:17,3
DA:19,3
DA:22,3
DA:28,3
LF:10
LH:9
BRDA:12,0,0,0
BRDA:12,0,1,3
BRF:2
BRH:1
end_of_record
TN:
SF:src\auth\index.js
FNF:0
FNH:0
DA:7,3
DA:9,3
DA:10,3
DA:11,0
DA:17,0
DA:20,0
DA:25,0
DA:26,0
DA:28,0
DA:31,0
LF:10
LH:3
BRDA:9,0,0,3
BRDA:9,0,1,0
BRDA:11,1,0,0
BRDA:11,1,1,0
BRDA:12,2,0,0
BRDA:12,2,1,0
BRDA:12,2,2,0
BRDA:20,3,0,0
BRDA:20,3,1,0
BRDA:21,4,0,0
BRDA:21,4,1,0
BRDA:26,5,0,0
BRDA:26,5,1,0
BRF:13
BRH:1
end_of_record
TN:
SF:src\data\index.js
FNF:0
FNH:0
DA:1,3
LF:1
LH:1
BRF:0
BRH:0
end_of_record
TN:
SF:src\data\memory.js
FN:12,writeFragment
FN:19,readFragments
FN:24,writeFragmentData
FN:28,readFragmentData
FNF:4
FNH:3
FNDA:1,writeFragment
FNDA:1,readFragments
FNDA:1,writeFragmentData
FNDA:0,readFragmentData
DA:6,3
DA:13,1
DA:14,1
DA:16,1
DA:20,1
DA:25,1
DA:29,0
DA:32,3
LF:8
LH:7
BRDA:13,0,0,1
BRDA:13,0,1,0
BRDA:20,1,0,1
BRDA:20,1,1,1
BRF:4
BRH:3
end_of_record
TN:
SF:src\model\fragments.js
FN:5,(anonymous_0)
FN:14,(anonymous_1)
FN:18,(anonymous_2)
FN:24,(anonymous_3)
FN:28,(anonymous_4)
FN:32,(anonymous_5)
FNF:6
FNH:5
FNDA:1,(anonymous_0)
FNDA:1,(anonymous_1)
FNDA:1,(anonymous_2)
FNDA:0,(anonymous_3)
FNDA:1,(anonymous_4)
FNDA:1,(anonymous_5)
DA:1,3
DA:2,3
DA:6,1
DA:7,1
DA:8,1
DA:9,1
DA:10,1
DA:11,1
DA:15,1
DA:19,1
DA:20,1
DA:21,1
DA:25,0
DA:29,1
DA:33,1
DA:44,3
LF:16
LH:15
BRDA:5,0,0,1
BRF:1
BRH:1
end_of_record
TN:
SF:src\routes\index.js
FN:7,(anonymous_0)
FN:18,(anonymous_1)
FNF:2
FNH:1
FNDA:4,(anonymous_0)
FNDA:0,(anonymous_1)
DA:1,3
DA:2,3
DA:3,3
DA:4,3
DA:7,3
DA:8,4
DA:9,4
DA:18,3
DA:19,0
DA:20,0
DA:24,3
DA:26,3
LF:12
LH:10
BRF:0
BRH:0
end_of_record
TN:
SF:src\routes\api\get-ext.js
FN:11,(anonymous_0)
FN:20,(anonymous_1)
FNF:2
FNH:0
FNDA:0,(anonymous_0)
FNDA:0,(anonymous_1)
DA:7,3
DA:8,3
DA:9,3
DA:11,3
DA:12,0
DA:13,0
DA:14,0
DA:17,0
DA:19,0
DA:20,0
DA:22,0
DA:23,0
DA:29,0
DA:32,0
DA:33,0
DA:34,0
DA:35,0
DA:39,0
DA:45,0
DA:46,0
LF:20
LH:4
BRDA:22,0,0,0
BRDA:22,0,1,0
BRDA:32,1,0,0
BRDA:32,1,1,0
BRDA:32,2,0,0
BRDA:32,2,1,0
BRF:6
BRH:0
end_of_record
TN:
SF:src\routes\api\get-id.js
FN:9,(anonymous_0)
FN:15,(anonymous_1)
FNF:2
FNH:0
FNDA:0,(anonymous_0)
FNDA:0,(anonymous_1)
DA:7,3
DA:9,3
DA:10,0
DA:11,0
DA:12,0
DA:14,0
DA:15,0
DA:17,0
DA:18,0
DA:24,0
DA:25,0
DA:26,0
DA:29,0
DA:30,0
LF:14
LH:2
BRDA:17,0,0,0
BRDA:17,0,1,0
BRF:2
BRH:0
end_of_record
TN:
SF:src\routes\api\get-info.js
FN:9,(anonymous_0)
FN:15,(anonymous_1)
FNF:2
FNH:0
FNDA:0,(anonymous_0)
FNDA:0,(anonymous_1)
DA:7,3
DA:9,3
DA:10,0
DA:11,0
DA:12,0
DA:14,0
DA:15,0
DA:17,0
DA:18,0
DA:24,0
DA:30,0
DA:31,0
LF:12
LH:2
BRDA:17,0,0,0
BRDA:17,0,1,0
BRF:2
BRH:0
end_of_record
TN:
SF:src\routes\api\get.js
FN:7,(anonymous_0)
FN:16,(anonymous_1)
FN:23,(anonymous_2)
FNF:3
FNH:1
FNDA:1,(anonymous_0)
FNDA:0,(anonymous_1)
FNDA:0,(anonymous_2)
DA:6,3
DA:7,3
DA:8,1
DA:9,1
DA:10,1
DA:13,1
DA:14,0
DA:16,0
DA:21,1
DA:23,0
DA:27,0
DA:28,0
LF:12
LH:7
BRDA:13,0,0,0
BRDA:13,0,1,1
BRF:2
BRH:1
end_of_record
TN:
SF:src\routes\api\index.js
FNF:0
FNH:0
DA:1,3
DA:2,3
DA:4,3
DA:5,3
DA:7,3
DA:9,3
DA:11,3
DA:13,3
LF:8
LH:8
BRF:0
BRH:0
end_of_record
TN:
SF:src\routes\api\post.js
FN:8,(anonymous_0)
FNF:1
FNH:1
FNDA:2,(anonymous_0)
DA:2,3
DA:8,3
DA:9,2
DA:10,2
DA:11,2
DA:14,2
DA:15,1
DA:22,1
DA:23,1
DA:24,1
DA:26,1
DA:29,1
DA:32,1
DA:33,1
DA:36,1
DA:38,1
DA:46,0
DA:47,0
LF:18
LH:16
BRDA:14,0,0,1
BRDA:14,0,1,1
BRF:2
BRH:2
end_of_record
